<?xml version="1.0" encoding="UTF-8"?>
<!-- Generated by org.testng.reporters.JUnitReportReporter -->
<testsuite hostname="DESKTOP-OTKB4FC" failures="0" tests="2" name="com.ForPractiesSelenium.QA.TextCaseClasses.MultipalWindowHandal" time="40.801" errors="0" timestamp="2023-02-15T13:26:58 IST" skipped="0">
  <testcase classname="com.ForPractiesSelenium.QA.TextCaseClasses.MultipalWindowHandal" name="InitiazeMethod" time="3.587"/>
  <system-out/>
  <testcase classname="com.ForPractiesSelenium.QA.TextCaseClasses.MultipalWindowHandal" name="LumchApp" time="37.214"/>
  <system-out/>
</testsuite> <!-- com.ForPractiesSelenium.QA.TextCaseClasses.MultipalWindowHandal -->
