<?xml version="1.0" encoding="UTF-8"?>
<!-- Generated by org.testng.reporters.JUnitReportReporter -->
<testsuite hostname="DESKTOP-OTKB4FC" failures="0" tests="1" name="com.ForPractiesSelenium.QA.BaseClass.BaseClassPraties" time="6.972" errors="0" timestamp="2022-10-22T12:42:42 IST" skipped="0">
  <testcase classname="com.ForPractiesSelenium.QA.BaseClass.BaseClassPraties" name="initiazeMethod" time="6.972"/>
  <system-out/>
</testsuite> <!-- com.ForPractiesSelenium.QA.BaseClass.BaseClassPraties -->
