<?xml version="1.0" encoding="UTF-8"?>
<!-- Generated by org.testng.reporters.JUnitReportReporter -->
<testsuite hostname="DESKTOP-OTKB4FC" failures="0" tests="1" name="com.ForPractiesSelenium.QA.TextCaseClasses.AddTwoNum" time="0.013" errors="0" timestamp="2022-10-22T10:50:40 IST" skipped="0">
  <testcase classname="com.ForPractiesSelenium.QA.TextCaseClasses.AddTwoNum" name="add" time="0.013"/>
  <system-out/>
</testsuite> <!-- com.ForPractiesSelenium.QA.TextCaseClasses.AddTwoNum -->
