<?xml version="1.0" encoding="UTF-8"?>
<!-- Generated by org.testng.reporters.JUnitReportReporter -->
<testsuite hostname="DESKTOP-OTKB4FC" failures="0" tests="2" name="com.ForPractiesSelenium.QA.TextCaseClasses.SimpleClass" time="12.006" errors="0" timestamp="2022-10-25T22:26:59 IST" skipped="0">
  <testcase classname="com.ForPractiesSelenium.QA.TextCaseClasses.SimpleClass" name="initiazeMethod" time="3.706"/>
  <system-out/>
  <testcase classname="com.ForPractiesSelenium.QA.TextCaseClasses.SimpleClass" name="LunchApp" time="8.300"/>
  <system-out/>
</testsuite> <!-- com.ForPractiesSelenium.QA.TextCaseClasses.SimpleClass -->
